mode: set
webapp/cmd/web/forms.go:10.42,12.26 2 1
webapp/cmd/web/forms.go:12.26,14.3 1 1
webapp/cmd/web/forms.go:16.2,16.22 1 1
webapp/cmd/web/forms.go:20.44,22.2 1 1
webapp/cmd/web/forms.go:29.37,34.2 1 1
webapp/cmd/web/forms.go:36.39,38.13 2 1
webapp/cmd/web/forms.go:38.13,40.3 1 1
webapp/cmd/web/forms.go:41.2,41.13 1 1
webapp/cmd/web/forms.go:45.43,46.31 1 1
webapp/cmd/web/forms.go:46.31,48.37 2 1
webapp/cmd/web/forms.go:48.37,50.4 1 1
webapp/cmd/web/forms.go:56.52,57.9 1 1
webapp/cmd/web/forms.go:57.9,59.3 1 1
webapp/cmd/web/forms.go:63.29,65.2 1 1
webapp/cmd/web/handlers.go:14.70,17.45 2 1
webapp/cmd/web/handlers.go:17.45,20.3 2 1
webapp/cmd/web/handlers.go:20.8,22.3 1 1
webapp/cmd/web/handlers.go:23.2,23.67 1 1
webapp/cmd/web/handlers.go:31.108,34.16 2 1
webapp/cmd/web/handlers.go:34.16,37.3 2 0
webapp/cmd/web/handlers.go:39.2,43.16 3 1
webapp/cmd/web/handlers.go:43.16,45.3 1 0
webapp/cmd/web/handlers.go:47.2,47.12 1 1
webapp/cmd/web/handlers.go:50.71,52.16 2 0
webapp/cmd/web/handlers.go:52.16,56.3 3 0
webapp/cmd/web/handlers.go:59.2,62.19 3 0
webapp/cmd/web/handlers.go:62.19,64.3 1 0
webapp/cmd/web/handlers.go:66.2,71.22 4 0
webapp/cmd/web/main.go:15.13,27.16 5 0
webapp/cmd/web/main.go:27.16,29.3 1 0
webapp/cmd/web/middleware.go:14.67,16.2 1 1
webapp/cmd/web/middleware.go:18.72,19.71 1 1
webapp/cmd/web/middleware.go:19.71,23.17 3 1
webapp/cmd/web/middleware.go:23.17,25.20 2 1
webapp/cmd/web/middleware.go:25.20,27.5 1 1
webapp/cmd/web/middleware.go:28.4,28.60 1 1
webapp/cmd/web/middleware.go:29.9,31.4 1 1
webapp/cmd/web/middleware.go:32.3,32.40 1 1
webapp/cmd/web/middleware.go:37.45,39.16 2 1
webapp/cmd/web/middleware.go:39.16,41.3 1 1
webapp/cmd/web/middleware.go:43.2,44.19 2 1
webapp/cmd/web/middleware.go:44.19,46.3 1 1
webapp/cmd/web/middleware.go:48.2,49.22 2 1
webapp/cmd/web/middleware.go:49.22,51.3 1 1
webapp/cmd/web/middleware.go:53.2,53.18 1 1
webapp/cmd/web/middleware.go:53.18,55.3 1 0
webapp/cmd/web/middleware.go:57.2,57.16 1 1
webapp/cmd/web/routes.go:10.47,27.2 9 1
webapp/cmd/web/sessions.go:11.39,19.2 6 1
